mode: set
github.com/pratikdeoghare/easyheap/easyheap.go:16.39,16.62 1 1
github.com/pratikdeoghare/easyheap/easyheap.go:17.39,17.89 1 1
github.com/pratikdeoghare/easyheap/easyheap.go:18.34,22.2 3 1
github.com/pratikdeoghare/easyheap/easyheap.go:24.32,28.2 3 1
github.com/pratikdeoghare/easyheap/easyheap.go:30.30,37.2 6 1
github.com/pratikdeoghare/easyheap/easyheap.go:43.105,50.23 2 1
github.com/pratikdeoghare/easyheap/easyheap.go:50.23,53.3 2 1
github.com/pratikdeoghare/easyheap/easyheap.go:55.2,59.3 2 1
github.com/pratikdeoghare/easyheap/easyheap.go:62.33,64.2 1 1
github.com/pratikdeoghare/easyheap/easyheap.go:66.31,68.2 1 1
github.com/pratikdeoghare/easyheap/easyheap.go:70.31,72.2 1 1
github.com/pratikdeoghare/easyheap/easyheap.go:74.45,76.9 2 1
github.com/pratikdeoghare/easyheap/easyheap.go:76.9,78.3 1 1
github.com/pratikdeoghare/easyheap/easyheap.go:79.2,79.39 1 1
github.com/pratikdeoghare/easyheap/easyheap.go:82.48,85.9 3 1
github.com/pratikdeoghare/easyheap/easyheap.go:85.9,87.3 1 1
github.com/pratikdeoghare/easyheap/easyheap.go:88.2,89.13 2 1
github.com/pratikdeoghare/easyheap/easyheap.go:92.37,103.2 1 1
